{
  "RSpec": {
    "coverage": {
      "/home/paul/Rails/rails_project/sample_app/app/controllers/sessions_controller.rb": [
        1,
        1,
        null,
        null,
        1,
        null,
        8,
        8,
        null,
        5,
        5,
        null,
        3,
        3,
        null,
        null,
        null,
        1,
        1,
        1,
        null,
        null
      ],
      "/home/paul/Rails/rails_project/sample_app/app/controllers/application_controller.rb": [
        1,
        null,
        null,
        1,
        1,
        null
      ],
      "/home/paul/Rails/rails_project/sample_app/app/models/user.rb": [
        1,
        12,
        1,
        12,
        1,
        1,
        1,
        1,
        1,
        null,
        1,
        11,
        null,
        null,
        1,
        37,
        null,
        null,
        1,
        null,
        1,
        5,
        null,
        null
      ],
      "/home/paul/Rails/rails_project/sample_app/app/controllers/static_pages_controller.rb": [
        1,
        1,
        null,
        null,
        1,
        null,
        null,
        1,
        null,
        null,
        1,
        null,
        null
      ],
      "/home/paul/Rails/rails_project/sample_app/app/controllers/users_controller.rb": [
        1,
        1,
        0,
        null,
        null,
        1,
        5,
        null,
        null,
        1,
        0,
        null,
        null,
        1,
        0,
        0,
        0,
        0,
        0,
        null,
        0,
        null,
        null,
        null,
        1,
        null,
        1,
        0,
        null,
        null,
        null
      ]
    },
    "timestamp": 1395683669
  }
}
