{
  "RSpec": {
    "coverage": {
      "/home/paul/Rails/rails_project/sample_app/spec/models/user_spec.rb": [
        1,
        null,
        1,
        null,
        1,
        24,
        null,
        null,
        null,
        21,
        null,
        2,
        2,
        2,
        2,
        2,
        2,
        2,
        2,
        null,
        2,
        2,
        null,
        1,
        1,
        1,
        1,
        null,
        null,
        2,
        null,
        null,
        1,
        2,
        2,
        null,
        null,
        1,
        2,
        2,
        null,
        null,
        1,
        2,
        2,
        null,
        null,
        null,
        1,
        1,
        1,
        null,
        1,
        6,
        6,
        null,
        null,
        null,
        null,
        1,
        1,
        1,
        1,
        4,
        4,
        null,
        null,
        null,
        null,
        1,
        1,
        1,
        1,
        1,
        null,
        null,
        2,
        null,
        null,
        1,
        2,
        null,
        1,
        1,
        1,
        1,
        null,
        null,
        null,
        null,
        1,
        1,
        1,
        null,
        null,
        2,
        null,
        null,
        1,
        2,
        2,
        null,
        null,
        1,
        2,
        2,
        null,
        null,
        1,
        4,
        4,
        null,
        1,
        2,
        null,
        null,
        1,
        3,
        null,
        2,
        2,
        null,
        null,
        null
      ],
      "/home/paul/Rails/rails_project/sample_app/app/models/user.rb": [
        1,
        116,
        1,
        116,
        1,
        1,
        1,
        1,
        1,
        1,
        null,
        1,
        114,
        null,
        null,
        1,
        402,
        null,
        null,
        1,
        null,
        1,
        87,
        null,
        null
      ],
      "/home/paul/Rails/rails_project/sample_app/spec/requests/authentication_pages_spec.rb": [
        1,
        null,
        1,
        null,
        15,
        null,
        1,
        3,
        null,
        2,
        2,
        null,
        null,
        null,
        1,
        11,
        null,
        1,
        4,
        null,
        2,
        2,
        null,
        1,
        2,
        2,
        null,
        null,
        null,
        null,
        null,
        null,
        1,
        8,
        1,
        7,
        7,
        7,
        null,
        null,
        2,
        2,
        2,
        2,
        2,
        2,
        null,
        null,
        1,
        2,
        2,
        null,
        null,
        null,
        null,
        null,
        null,
        null,
        1,
        null,
        1,
        3,
        null,
        null,
        null,
        null,
        1,
        null,
        1,
        2,
        2,
        null,
        null,
        1,
        2,
        2,
        null,
        null,
        1,
        2,
        2,
        null,
        null,
        null,
        null,
        1,
        4,
        4,
        4,
        null,
        1,
        3,
        2,
        2,
        null,
        null,
        1,
        2,
        2,
        null,
        null,
        null,
        null,
        1,
        2,
        2,
        null,
        2,
        null,
        1,
        2,
        2,
        null,
        null,
        null,
        null,
        null,
        null,
        null,
        null,
        null
      ],
      "/home/paul/Rails/rails_project/sample_app/spec/requests/static_pages_spec.rb": [
        1,
        null,
        1,
        null,
        10,
        null,
        1,
        8,
        8,
        null,
        null,
        1,
        4,
        2,
        2,
        null,
        1,
        2,
        null,
        null,
        1,
        3,
        null,
        2,
        2,
        null,
        1,
        null,
        null,
        1,
        3,
        null,
        2,
        2,
        null,
        1,
        null,
        null,
        1,
        3,
        null,
        2,
        2,
        null,
        1,
        null,
        null,
        null,
        1,
        1,
        1,
        1,
        1,
        1,
        1,
        1,
        1,
        1,
        1,
        1,
        1,
        null,
        null
      ],
      "/home/paul/Rails/rails_project/sample_app/spec/requests/user_pages_spec.rb": [
        1,
        null,
        1,
        1,
        19,
        null,
        null,
        16,
        null,
        1,
        3,
        null,
        2,
        2,
        null,
        null,
        1,
        null,
        3,
        null,
        2,
        2,
        null,
        null,
        null,
        1,
        null,
        8,
        null,
        8,
        null,
        1,
        1,
        2,
        null,
        null,
        null,
        1,
        3,
        null,
        2,
        2,
        null,
        null,
        null,
        null,
        null,
        null,
        null,
        1,
        1,
        4,
        4,
        4,
        4,
        null,
        null,
        1,
        2,
        null,
        null,
        null,
        1,
        4,
        2,
        null,
        2,
        2,
        2,
        null,
        null,
        null,
        null,
        null,
        null,
        null,
        1,
        9,
        1,
        8,
        8,
        null,
        null,
        2,
        2,
        null,
        1,
        null,
        32,
        2,
        null,
        2,
        null,
        1,
        1,
        30,
        null,
        null,
        null,
        null,
        null,
        1,
        null,
        2,
        null,
        1,
        4,
        1,
        3,
        3,
        null,
        null,
        2,
        1,
        1,
        1,
        null,
        null,
        2,
        null,
        null,
        null,
        null,
        null,
        null,
        null,
        null,
        null
      ],
      "/home/paul/Rails/rails_project/sample_app/app/controllers/static_pages_controller.rb": [
        1,
        1,
        null,
        null,
        1,
        null,
        null,
        1,
        null,
        null,
        1,
        null,
        null
      ],
      "/home/paul/Rails/rails_project/sample_app/app/controllers/application_controller.rb": [
        1,
        null,
        null,
        1,
        1,
        null
      ],
      "/home/paul/Rails/rails_project/sample_app/app/controllers/users_controller.rb": [
        1,
        1,
        1,
        1,
        null,
        1,
        12,
        null,
        null,
        null,
        1,
        24,
        null,
        null,
        1,
        10,
        null,
        null,
        1,
        7,
        7,
        4,
        4,
        4,
        null,
        3,
        null,
        null,
        null,
        1,
        null,
        null,
        1,
        0,
        null,
        0,
        0,
        null,
        0,
        null,
        null,
        null,
        1,
        1,
        1,
        1,
        null,
        null,
        1,
        null,
        1,
        7,
        null,
        null,
        null,
        null,
        null,
        1,
        20,
        3,
        3,
        null,
        null,
        null,
        1,
        3,
        3,
        null,
        null,
        1,
        2,
        null,
        null
      ],
      "/home/paul/Rails/rails_project/sample_app/app/controllers/sessions_controller.rb": [
        1,
        1,
        null,
        null,
        1,
        null,
        21,
        21,
        null,
        18,
        18,
        null,
        3,
        3,
        null,
        null,
        null,
        1,
        1,
        1,
        null,
        null
      ]
    },
    "timestamp": 1395854821
  }
}
